0 info it worked if it ends with ok
1 verbose cli [ 'node', '/usr/local/bin/npm', 'install', 'node.ja' ]
2 info using npm@1.4.28
3 info using node@v0.10.36
4 warn package.json 01_Basic_CRUD_app@1.0.0 No description
5 warn package.json 01_Basic_CRUD_app@1.0.0 No repository field.
6 warn package.json 01_Basic_CRUD_app@1.0.0 No README data
7 verbose readDependencies using package.json deps
8 verbose cache add [ 'node.ja', null ]
9 verbose cache add name=undefined spec="node.ja" args=["node.ja",null]
10 verbose parsed url { protocol: null,
10 verbose parsed url   slashes: null,
10 verbose parsed url   auth: null,
10 verbose parsed url   host: null,
10 verbose parsed url   port: null,
10 verbose parsed url   hostname: null,
10 verbose parsed url   hash: null,
10 verbose parsed url   search: null,
10 verbose parsed url   query: null,
10 verbose parsed url   pathname: 'node.ja',
10 verbose parsed url   path: 'node.ja',
10 verbose parsed url   href: 'node.ja' }
11 silly lockFile 964568c4-node-ja node.ja
12 verbose lock node.ja /Users/AlexTosti3/.npm/964568c4-node-ja.lock
13 silly lockFile 964568c4-node-ja node.ja
14 silly lockFile 964568c4-node-ja node.ja
15 verbose addNamed [ 'node.ja', '' ]
16 verbose addNamed [ null, '*' ]
17 silly lockFile 2158c54a-node-ja node.ja@
18 verbose lock node.ja@ /Users/AlexTosti3/.npm/2158c54a-node-ja.lock
19 silly addNameRange { name: 'node.ja', range: '*', hasData: false }
20 verbose request where is /node.ja
21 verbose request registry https://registry.npmjs.org/
22 verbose request id db9e2e492287b13a
23 verbose url raw /node.ja
24 verbose url resolving [ 'https://registry.npmjs.org/', './node.ja' ]
25 verbose url resolved https://registry.npmjs.org/node.ja
26 verbose request where is https://registry.npmjs.org/node.ja
27 info trying registry request attempt 1 at 15:14:10
28 http GET https://registry.npmjs.org/node.ja
29 http 404 https://registry.npmjs.org/node.ja
30 verbose headers { date: 'Tue, 10 Mar 2015 19:14:04 GMT',
30 verbose headers   server: 'CouchDB/1.5.0 (Erlang OTP/R16B03)',
30 verbose headers   'content-type': 'application/json',
30 verbose headers   'cache-control': 'max-age=0',
30 verbose headers   'content-length': '52',
30 verbose headers   'accept-ranges': 'bytes',
30 verbose headers   via: '1.1 varnish',
30 verbose headers   age: '0',
30 verbose headers   'x-served-by': 'cache-dfw1832-DFW',
30 verbose headers   'x-cache': 'MISS',
30 verbose headers   'x-cache-hits': '0',
30 verbose headers   'x-timer': 'S1426014844.568330,VS0,VE56',
30 verbose headers   'keep-alive': 'timeout=10, max=50',
30 verbose headers   connection: 'Keep-Alive' }
31 silly registry.get cb [ 404,
31 silly registry.get   { date: 'Tue, 10 Mar 2015 19:14:04 GMT',
31 silly registry.get     server: 'CouchDB/1.5.0 (Erlang OTP/R16B03)',
31 silly registry.get     'content-type': 'application/json',
31 silly registry.get     'cache-control': 'max-age=0',
31 silly registry.get     'content-length': '52',
31 silly registry.get     'accept-ranges': 'bytes',
31 silly registry.get     via: '1.1 varnish',
31 silly registry.get     age: '0',
31 silly registry.get     'x-served-by': 'cache-dfw1832-DFW',
31 silly registry.get     'x-cache': 'MISS',
31 silly registry.get     'x-cache-hits': '0',
31 silly registry.get     'x-timer': 'S1426014844.568330,VS0,VE56',
31 silly registry.get     'keep-alive': 'timeout=10, max=50',
31 silly registry.get     connection: 'Keep-Alive' } ]
32 silly lockFile 2158c54a-node-ja node.ja@
33 silly lockFile 2158c54a-node-ja node.ja@
34 error 404 404 Not Found: node.ja
34 error 404
34 error 404 'node.ja' is not in the npm registry.
34 error 404 You should bug the author to publish it
34 error 404 It was specified as a dependency of '01_Basic_CRUD_app'
34 error 404
34 error 404 Maybe try 'npm search ja'
34 error 404
34 error 404 Note that you can also install from a
34 error 404 tarball, folder, or http url, or git url.
35 error System Darwin 12.6.0
36 error command "node" "/usr/local/bin/npm" "install" "node.ja"
37 error cwd /Users/AlexTosti3/Documents/WebAdvJS/javascript
38 error node -v v0.10.36
39 error npm -v 1.4.28
40 error code E404
41 verbose exit [ 1, true ]
